TN:
SF:app.js
FNF:0
FNH:0
DA:1,1
DA:2,1
DA:3,1
DA:4,1
DA:5,1
DA:6,1
DA:7,1
DA:8,1
DA:9,1
DA:10,1
DA:11,1
DA:12,1
DA:13,1
DA:14,0
DA:15,0
DA:16,1
DA:17,1
DA:18,1
DA:19,1
DA:20,1
DA:21,1
DA:22,1
DA:23,1
DA:24,1
DA:25,1
DA:26,1
DA:27,1
DA:28,1
DA:29,1
DA:30,1
DA:31,1
DA:32,1
DA:33,1
DA:34,1
DA:35,1
DA:36,1
DA:37,1
LF:37
LH:35
BRDA:13,0,0,0
BRDA:35,1,0,6
BRF:2
BRH:1
end_of_record
TN:
SF:config/claimTypes.js
FNF:0
FNH:0
DA:1,1
DA:2,1
DA:3,1
DA:4,1
DA:5,1
DA:6,1
DA:7,1
DA:8,1
LF:8
LH:8
BRF:0
BRH:0
end_of_record
TN:
SF:controllers/auth.js
FN:9,Object.<anonymous>.self.login
FN:43,Object.<anonymous>.self.tiempoRestanteToken
FNF:2
FNH:1
FNDA:4,Object.<anonymous>.self.login
FNDA:0,Object.<anonymous>.self.tiempoRestanteToken
DA:1,1
DA:2,1
DA:3,1
DA:4,1
DA:5,1
DA:6,1
DA:7,1
DA:8,1
DA:9,1
DA:10,4
DA:11,4
DA:12,4
DA:13,4
DA:14,4
DA:15,4
DA:16,4
DA:17,3
DA:18,4
DA:19,1
DA:20,1
DA:21,2
DA:22,2
DA:23,4
DA:24,1
DA:25,1
DA:26,1
DA:27,1
DA:28,1
DA:29,1
DA:30,1
DA:31,1
DA:32,1
DA:33,1
DA:34,1
DA:35,1
DA:36,1
DA:37,1
DA:38,1
DA:39,1
DA:40,4
DA:41,1
DA:42,1
DA:43,1
DA:44,0
DA:45,0
DA:46,0
DA:47,0
DA:48,0
DA:49,0
DA:50,0
DA:51,0
DA:52,0
DA:53,1
DA:54,1
LF:54
LH:45
BRDA:9,0,0,4
BRDA:16,1,0,3
BRDA:18,2,0,1
BRDA:20,3,0,2
BRDA:23,4,0,1
BRF:5
BRH:5
end_of_record
TN:
SF:controllers/cocktail.js
FN:5,Object.<anonymous>.exports.createRecipe
FN:66,Object.<anonymous>.exports.getAllAcceptedCocktails
FN:134,Object.<anonymous>.exports.getRecipeById
FN:200,Object.<anonymous>.exports.deleteRecipe
FN:228,Object.<anonymous>.exports.getAllPendingCocktails
FN:270,Object.<anonymous>.exports.aproveCocktail
FN:297,Object.<anonymous>.exports.rejectCocktail
FN:330,Object.<anonymous>.exports.rejectCocktail
FNF:8
FNH:7
FNDA:6,Object.<anonymous>.exports.createRecipe
FNDA:4,Object.<anonymous>.exports.getAllAcceptedCocktails
FNDA:5,Object.<anonymous>.exports.getRecipeById
FNDA:4,Object.<anonymous>.exports.deleteRecipe
FNDA:2,Object.<anonymous>.exports.getAllPendingCocktails
FNDA:6,Object.<anonymous>.exports.aproveCocktail
FNDA:0,Object.<anonymous>.exports.rejectCocktail
FNDA:3,Object.<anonymous>.exports.rejectCocktail
DA:1,1
DA:2,1
DA:3,1
DA:4,1
DA:5,1
DA:6,6
DA:7,6
DA:8,6
DA:9,6
DA:10,6
DA:11,6
DA:12,6
DA:13,6
DA:14,6
DA:15,6
DA:16,6
DA:17,6
DA:18,6
DA:19,2
DA:20,2
DA:21,4
DA:22,4
DA:23,4
DA:24,4
DA:25,4
DA:26,4
DA:27,4
DA:28,4
DA:29,4
DA:30,6
DA:31,6
DA:32,6
DA:33,6
DA:34,6
DA:35,6
DA:36,2
DA:37,2
DA:38,2
DA:39,2
DA:40,0
DA:41,0
DA:42,0
DA:43,2
DA:44,2
DA:45,2
DA:46,2
DA:47,2
DA:48,2
DA:49,2
DA:50,2
DA:51,2
DA:52,2
DA:53,2
DA:54,2
DA:55,2
DA:56,2
DA:57,2
DA:58,2
DA:59,2
DA:60,2
DA:61,2
DA:62,2
DA:63,2
DA:64,6
DA:65,1
DA:66,1
DA:67,4
DA:68,4
DA:69,4
DA:70,4
DA:71,4
DA:72,4
DA:73,4
DA:74,4
DA:75,0
DA:76,0
DA:77,4
DA:78,4
DA:79,2
DA:80,2
DA:81,4
DA:82,4
DA:83,1
DA:84,1
DA:85,1
DA:86,1
DA:87,4
DA:88,4
DA:89,1
DA:90,1
DA:91,1
DA:92,1
DA:93,4
DA:94,4
DA:95,4
DA:96,4
DA:97,4
DA:98,4
DA:99,4
DA:100,4
DA:101,4
DA:102,4
DA:103,4
DA:104,4
DA:105,4
DA:106,4
DA:107,4
DA:108,4
DA:109,2
DA:110,2
DA:111,2
DA:112,2
DA:113,2
DA:114,2
DA:115,2
DA:116,2
DA:117,2
DA:118,2
DA:119,2
DA:120,2
DA:121,2
DA:122,2
DA:123,2
DA:124,2
DA:125,2
DA:126,2
DA:127,2
DA:128,2
DA:129,2
DA:130,2
DA:131,2
DA:132,4
DA:133,1
DA:134,1
DA:135,5
DA:136,5
DA:137,5
DA:138,5
DA:139,5
DA:140,5
DA:141,5
DA:142,5
DA:143,5
DA:144,5
DA:145,5
DA:146,5
DA:147,5
DA:148,5
DA:149,5
DA:150,5
DA:151,5
DA:152,5
DA:153,5
DA:154,5
DA:155,5
DA:156,5
DA:157,5
DA:158,5
DA:159,5
DA:160,5
DA:161,5
DA:162,5
DA:163,5
DA:164,5
DA:165,5
DA:166,5
DA:167,5
DA:168,5
DA:169,5
DA:170,5
DA:171,4
DA:172,5
DA:173,2
DA:174,2
DA:175,2
DA:176,5
DA:177,5
DA:178,5
DA:179,5
DA:180,5
DA:181,5
DA:182,5
DA:183,5
DA:184,5
DA:185,5
DA:186,5
DA:187,5
DA:188,5
DA:189,5
DA:190,5
DA:191,5
DA:192,5
DA:193,5
DA:194,5
DA:195,1
DA:196,1
DA:197,1
DA:198,5
DA:199,1
DA:200,1
DA:201,4
DA:202,4
DA:203,4
DA:204,4
DA:205,3
DA:206,4
DA:207,1
DA:208,1
DA:209,2
DA:210,4
DA:211,1
DA:212,1
DA:213,1
DA:214,1
DA:215,1
DA:216,1
DA:217,1
DA:218,1
DA:219,1
DA:220,1
DA:221,1
DA:222,1
DA:223,1
DA:224,1
DA:225,4
DA:226,4
DA:227,1
DA:228,1
DA:229,2
DA:230,2
DA:231,2
DA:232,2
DA:233,2
DA:234,2
DA:235,2
DA:236,2
DA:237,2
DA:238,2
DA:239,2
DA:240,2
DA:241,2
DA:242,2
DA:243,2
DA:244,2
DA:245,1
DA:246,1
DA:247,1
DA:248,1
DA:249,1
DA:250,1
DA:251,1
DA:252,1
DA:253,1
DA:254,1
DA:255,1
DA:256,1
DA:257,1
DA:258,1
DA:259,1
DA:260,1
DA:261,1
DA:262,1
DA:263,1
DA:264,1
DA:265,1
DA:266,1
DA:267,1
DA:268,2
DA:269,1
DA:270,1
DA:271,6
DA:272,6
DA:273,6
DA:274,6
DA:275,6
DA:276,6
DA:277,2
DA:278,2
DA:279,6
DA:280,2
DA:281,2
DA:282,2
DA:283,2
DA:284,2
DA:285,2
DA:286,2
DA:287,2
DA:288,2
DA:289,2
DA:290,6
DA:291,0
DA:292,0
DA:293,0
DA:294,0
DA:295,0
DA:296,6
DA:297,1
DA:298,0
DA:299,0
DA:300,0
DA:301,0
DA:302,0
DA:303,0
DA:304,0
DA:305,0
DA:306,0
DA:307,0
DA:308,0
DA:309,0
DA:310,0
DA:311,0
DA:312,0
DA:313,0
DA:314,0
DA:315,0
DA:316,0
DA:317,0
DA:318,0
DA:319,0
DA:320,0
DA:321,0
DA:322,0
DA:323,0
DA:324,0
DA:325,0
DA:326,0
DA:327,0
DA:328,0
DA:329,0
DA:330,1
DA:331,3
DA:332,3
DA:333,3
DA:334,3
DA:335,3
DA:336,3
DA:337,1
DA:338,1
DA:339,3
DA:340,1
DA:341,1
DA:342,1
DA:343,1
DA:344,1
DA:345,1
DA:346,1
DA:347,1
DA:348,1
DA:349,1
DA:350,3
DA:351,0
DA:352,0
DA:353,0
DA:354,0
DA:355,0
DA:356,3
LF:356
LH:309
BRDA:5,0,0,6
BRDA:18,1,0,4
BRDA:18,2,0,4
BRDA:18,3,0,4
BRDA:18,4,0,4
BRDA:18,5,0,4
BRDA:18,6,0,4
BRDA:18,7,0,4
BRDA:18,8,0,2
BRDA:20,9,0,4
BRDA:30,10,0,0
BRDA:30,11,0,4
BRDA:35,12,0,2
BRDA:39,13,0,0
BRDA:66,14,0,4
BRDA:74,15,0,0
BRDA:78,16,0,2
BRDA:82,17,0,1
BRDA:88,18,0,1
BRDA:108,19,0,2
BRDA:110,20,0,2
BRDA:124,21,0,0
BRDA:134,22,0,5
BRDA:170,23,0,4
BRDA:172,24,0,2
BRDA:176,25,0,2
BRDA:194,26,0,1
BRDA:200,27,0,4
BRDA:204,28,0,3
BRDA:206,29,0,1
BRDA:208,30,0,2
BRDA:210,31,0,1
BRDA:228,32,0,2
BRDA:244,33,0,1
BRDA:246,34,0,1
BRDA:260,35,0,0
BRDA:270,36,0,6
BRDA:276,37,0,2
BRDA:278,38,0,4
BRDA:279,39,0,2
BRDA:290,40,0,0
BRDA:330,41,0,3
BRDA:336,42,0,1
BRDA:338,43,0,2
BRDA:339,44,0,1
BRDA:350,45,0,0
BRF:46
BRH:39
end_of_record
TN:
SF:controllers/devices.js
FN:7,Object.<anonymous>.self.registerDevice
FN:31,Object.<anonymous>.self.unregisterDevice
FNF:2
FNH:2
FNDA:2,Object.<anonymous>.self.registerDevice
FNDA:1,Object.<anonymous>.self.unregisterDevice
DA:1,1
DA:2,1
DA:3,1
DA:4,1
DA:5,1
DA:6,1
DA:7,1
DA:8,2
DA:9,2
DA:10,2
DA:11,2
DA:12,2
DA:13,2
DA:14,2
DA:15,2
DA:16,2
DA:17,2
DA:18,2
DA:19,2
DA:20,2
DA:21,2
DA:22,2
DA:23,1
DA:24,1
DA:25,1
DA:26,1
DA:27,1
DA:28,1
DA:29,2
DA:30,1
DA:31,1
DA:32,1
DA:33,1
DA:34,1
DA:35,1
DA:36,1
DA:37,1
DA:38,1
DA:39,1
DA:40,1
DA:41,1
DA:42,1
DA:43,1
DA:44,1
DA:45,1
DA:46,1
DA:47,1
LF:47
LH:47
BRDA:7,0,0,2
BRDA:22,1,0,1
BRDA:31,2,0,1
BRDA:41,3,0,0
BRF:4
BRH:3
end_of_record
TN:
SF:controllers/like.js
FN:6,Object.<anonymous>.exports.giveLike
FN:91,Object.<anonymous>.exports.removeLike
FN:115,Object.<anonymous>.exports.hasLiked
FNF:3
FNH:3
FNDA:6,Object.<anonymous>.exports.giveLike
FNDA:3,Object.<anonymous>.exports.removeLike
FNDA:4,Object.<anonymous>.exports.hasLiked
DA:1,1
DA:2,1
DA:3,1
DA:4,1
DA:5,1
DA:6,1
DA:7,6
DA:8,6
DA:9,6
DA:10,6
DA:11,6
DA:12,0
DA:13,0
DA:14,6
DA:15,6
DA:16,6
DA:17,6
DA:18,6
DA:19,6
DA:20,1
DA:21,1
DA:22,4
DA:23,4
DA:24,4
DA:25,4
DA:26,6
DA:27,1
DA:28,1
DA:29,3
DA:30,3
DA:31,3
DA:32,3
DA:33,3
DA:34,3
DA:35,3
DA:36,3
DA:37,3
DA:38,3
DA:39,6
DA:40,1
DA:41,1
DA:42,1
DA:43,1
DA:44,2
DA:45,2
DA:46,2
DA:47,2
DA:48,2
DA:49,2
DA:50,2
DA:51,2
DA:52,2
DA:53,2
DA:54,6
DA:55,1
DA:56,1
DA:57,1
DA:58,1
DA:59,1
DA:60,1
DA:61,1
DA:62,1
DA:63,1
DA:64,1
DA:65,1
DA:66,1
DA:67,1
DA:68,0
DA:69,0
DA:70,0
DA:71,0
DA:72,0
DA:73,0
DA:74,1
DA:75,0
DA:76,0
DA:77,1
DA:78,1
DA:79,1
DA:80,2
DA:81,2
DA:82,2
DA:83,6
DA:84,1
DA:85,1
DA:86,1
DA:87,6
DA:88,1
DA:89,1
DA:90,1
DA:91,1
DA:92,3
DA:93,3
DA:94,3
DA:95,3
DA:96,0
DA:97,0
DA:98,3
DA:99,3
DA:100,3
DA:101,3
DA:102,3
DA:103,2
DA:104,3
DA:105,1
DA:106,1
DA:107,1
DA:108,1
DA:109,1
DA:110,1
DA:111,1
DA:112,1
DA:113,3
DA:114,1
DA:115,1
DA:116,4
DA:117,4
DA:118,4
DA:119,4
DA:120,1
DA:121,1
DA:122,3
DA:123,3
DA:124,3
DA:125,3
DA:126,3
DA:127,2
DA:128,2
DA:129,4
DA:130,1
DA:131,1
DA:132,1
DA:133,4
LF:133
LH:121
BRDA:6,0,0,6
BRDA:11,1,0,0
BRDA:18,2,0,5
BRDA:19,3,0,1
BRDA:21,4,0,4
BRDA:26,5,0,1
BRDA:28,6,0,3
BRDA:39,7,0,1
BRDA:43,8,0,2
BRDA:54,9,0,1
BRDA:67,10,0,0
BRDA:74,11,0,0
BRDA:79,12,0,2
BRDA:83,13,0,1
BRDA:51,14,0,3
BRDA:52,15,0,3
BRDA:91,16,0,3
BRDA:95,17,0,0
BRDA:102,18,0,2
BRDA:104,19,0,1
BRDA:115,20,0,4
BRDA:119,21,0,1
BRDA:121,22,0,3
BRDA:126,23,0,2
BRDA:129,24,0,1
BRF:25
BRH:21
end_of_record
TN:
SF:controllers/livesession.js
FN:7,Object.<anonymous>.exports.createSession
FN:36,Object.<anonymous>.exports.listSessions
FN:57,Object.<anonymous>.exports.getById
FN:77,Object.<anonymous>.exports.update
FNF:4
FNH:3
FNDA:3,Object.<anonymous>.exports.createSession
FNDA:3,Object.<anonymous>.exports.listSessions
FNDA:0,Object.<anonymous>.exports.getById
FNDA:4,Object.<anonymous>.exports.update
DA:1,1
DA:2,1
DA:3,1
DA:4,1
DA:5,1
DA:6,1
DA:7,1
DA:8,3
DA:9,3
DA:10,1
DA:11,1
DA:12,2
DA:13,2
DA:14,2
DA:15,2
DA:16,2
DA:17,2
DA:18,2
DA:19,2
DA:20,2
DA:21,2
DA:22,2
DA:23,2
DA:24,2
DA:25,2
DA:26,2
DA:27,2
DA:28,1
DA:29,1
DA:30,1
DA:31,1
DA:32,1
DA:33,1
DA:34,3
DA:35,1
DA:36,1
DA:37,3
DA:38,3
DA:39,3
DA:40,1
DA:41,1
DA:42,3
DA:43,3
DA:44,3
DA:45,3
DA:46,2
DA:47,2
DA:48,2
DA:49,2
DA:50,2
DA:51,3
DA:52,1
DA:53,1
DA:54,1
DA:55,3
DA:56,1
DA:57,1
DA:58,0
DA:59,0
DA:60,0
DA:61,0
DA:62,0
DA:63,0
DA:64,0
DA:65,0
DA:66,0
DA:67,0
DA:68,0
DA:69,0
DA:70,0
DA:71,0
DA:72,0
DA:73,0
DA:74,0
DA:75,0
DA:76,1
DA:77,1
DA:78,4
DA:79,4
DA:80,4
DA:81,4
DA:82,1
DA:83,1
DA:84,3
DA:85,3
DA:86,3
DA:87,4
DA:88,1
DA:89,1
DA:90,1
DA:91,1
DA:92,1
DA:93,1
DA:94,1
DA:95,1
DA:96,1
DA:97,1
DA:98,1
DA:99,1
DA:100,1
DA:101,4
LF:101
LH:83
BRDA:7,0,0,3
BRDA:9,1,0,1
BRDA:11,2,0,2
BRDA:27,3,0,1
BRDA:36,4,0,3
BRDA:39,5,0,1
BRDA:45,6,0,2
BRDA:51,7,0,1
BRDA:47,8,0,2
BRDA:77,9,0,4
BRDA:81,10,0,1
BRDA:83,11,0,3
BRDA:86,12,0,2
BRDA:87,13,0,1
BRF:14
BRH:14
end_of_record
TN:
SF:controllers/serverHealth.js
FN:4,Object.<anonymous>.self.getHealth
FNF:1
FNH:1
FNDA:1,Object.<anonymous>.self.getHealth
DA:1,1
DA:2,1
DA:3,1
DA:4,1
DA:5,1
DA:6,1
DA:7,1
DA:8,1
DA:9,1
DA:10,1
DA:11,1
DA:12,0
DA:13,0
DA:14,1
DA:15,1
DA:16,1
LF:16
LH:14
BRDA:4,0,0,1
BRDA:11,1,0,0
BRF:2
BRH:1
end_of_record
TN:
SF:controllers/usuario.js
FN:5,getAll
FN:14,getById
FN:23,changePassword
FN:53,create
FN:80,getByUsername
FN:92,update
FN:105,remove
FNF:7
FNH:6
FNDA:0,getAll
FNDA:3,getById
FNDA:5,changePassword
FNDA:3,create
FNDA:3,getByUsername
FNDA:3,update
FNDA:3,remove
DA:1,1
DA:2,1
DA:3,1
DA:4,1
DA:5,1
DA:6,0
DA:7,0
DA:8,0
DA:9,0
DA:10,0
DA:11,0
DA:12,1
DA:13,1
DA:14,1
DA:15,3
DA:16,3
DA:17,3
DA:18,1
DA:19,1
DA:20,1
DA:21,1
DA:22,1
DA:23,5
DA:24,5
DA:25,5
DA:26,5
DA:27,5
DA:28,5
DA:29,1
DA:30,1
DA:31,4
DA:32,4
DA:33,3
DA:34,5
DA:35,1
DA:36,1
DA:37,2
DA:38,2
DA:39,5
DA:40,1
DA:41,1
DA:42,1
DA:43,1
DA:44,1
DA:45,1
DA:46,1
DA:47,1
DA:48,1
DA:49,1
DA:50,1
DA:51,1
DA:52,1
DA:53,1
DA:54,3
DA:55,3
DA:56,3
DA:57,3
DA:58,1
DA:59,1
DA:60,2
DA:61,1
DA:62,1
DA:63,1
DA:64,1
DA:65,1
DA:66,1
DA:67,1
DA:68,1
DA:69,1
DA:70,1
DA:71,1
DA:72,1
DA:73,1
DA:74,1
DA:75,1
DA:76,1
DA:77,1
DA:78,1
DA:79,1
DA:80,1
DA:81,3
DA:82,3
DA:83,3
DA:84,3
DA:85,3
DA:86,1
DA:87,1
DA:88,1
DA:89,1
DA:90,1
DA:91,1
DA:92,1
DA:93,3
DA:94,3
DA:95,3
DA:96,3
DA:97,3
DA:98,1
DA:99,1
DA:100,1
DA:101,1
DA:102,1
DA:103,1
DA:104,1
DA:105,1
DA:106,3
DA:107,3
DA:108,3
DA:109,3
DA:110,3
DA:111,1
DA:112,1
DA:113,1
DA:114,1
DA:115,3
DA:116,1
DA:117,1
DA:118,1
LF:118
LH:112
BRDA:14,0,0,3
BRDA:16,1,0,2
BRDA:17,2,0,1
BRDA:23,3,0,5
BRDA:28,4,0,4
BRDA:28,5,0,1
BRDA:30,6,0,4
BRDA:32,7,0,3
BRDA:34,8,0,1
BRDA:36,9,0,2
BRDA:39,10,0,1
BRDA:53,11,0,3
BRDA:57,12,0,1
BRDA:59,13,0,2
BRDA:60,14,0,1
BRDA:80,15,0,3
BRDA:84,16,0,2
BRDA:85,17,0,1
BRDA:92,18,0,3
BRDA:96,19,0,2
BRDA:97,20,0,1
BRDA:105,21,0,3
BRDA:109,22,0,2
BRDA:110,23,0,1
BRF:24
BRH:24
end_of_record
TN:
SF:middleware/auth.middleware.js
FN:7,Authorize
FNF:1
FNH:1
FNDA:25,Authorize
DA:1,1
DA:2,1
DA:3,1
DA:4,1
DA:5,1
DA:6,1
DA:7,1
DA:8,25
DA:9,25
DA:10,2
DA:11,2
DA:12,2
DA:13,2
DA:14,2
DA:15,2
DA:16,2
DA:17,2
DA:18,2
DA:19,0
DA:20,0
DA:21,0
DA:22,0
DA:23,1
DA:24,1
DA:25,1
DA:26,1
DA:27,1
DA:28,1
DA:29,1
DA:30,0
DA:31,0
DA:32,0
DA:33,0
DA:34,0
DA:35,0
DA:36,0
DA:37,0
DA:38,0
DA:39,0
DA:40,0
DA:41,0
DA:42,0
DA:43,0
DA:44,0
DA:45,0
DA:46,0
DA:47,0
DA:48,2
DA:49,1
DA:50,1
DA:51,1
DA:52,2
DA:53,25
DA:54,1
DA:55,1
DA:56,1
DA:57,1
LF:57
LH:35
BRDA:7,0,0,25
BRDA:9,1,0,2
BRDA:18,2,0,0
BRDA:22,3,0,1
BRDA:29,4,0,0
BRDA:48,5,0,1
BRF:6
BRH:4
end_of_record
TN:
SF:models/chatmessage.js
FN:5,Object.<anonymous>.module.exports
FN:12,associate
FNF:2
FNH:2
FNDA:7,Object.<anonymous>.module.exports
FNDA:7,associate
DA:1,1
DA:2,1
DA:3,1
DA:4,1
DA:5,1
DA:6,7
DA:7,7
DA:8,7
DA:9,7
DA:10,7
DA:11,7
DA:12,7
DA:13,7
DA:14,7
DA:15,7
DA:16,7
DA:17,7
DA:18,7
DA:19,7
DA:20,7
DA:21,7
DA:22,7
DA:23,7
DA:24,7
DA:25,7
DA:26,7
DA:27,7
DA:28,7
DA:29,7
DA:30,7
DA:31,7
DA:32,7
DA:33,7
LF:33
LH:33
BRDA:5,0,0,7
BRDA:12,1,0,7
BRF:2
BRH:2
end_of_record
TN:
SF:models/cocktail.js
FN:6,Object.<anonymous>.module.exports
FN:8,associate
FNF:2
FNH:2
FNDA:7,Object.<anonymous>.module.exports
FNDA:7,associate
DA:1,1
DA:2,1
DA:3,1
DA:4,1
DA:5,1
DA:6,1
DA:7,7
DA:8,7
DA:9,7
DA:10,7
DA:11,7
DA:12,7
DA:13,7
DA:14,7
DA:15,7
DA:16,7
DA:17,7
DA:18,7
DA:19,7
DA:20,7
DA:21,7
DA:22,7
DA:23,7
DA:24,7
DA:25,7
DA:26,7
DA:27,7
DA:28,7
DA:29,7
DA:30,7
DA:31,7
DA:32,7
DA:33,7
DA:34,7
DA:35,7
DA:36,7
DA:37,7
DA:38,7
DA:39,7
DA:40,7
DA:41,7
DA:42,7
DA:43,7
DA:44,7
DA:45,7
DA:46,7
DA:47,7
DA:48,7
DA:49,7
DA:50,7
DA:51,7
DA:52,7
DA:53,7
DA:54,7
DA:55,7
LF:55
LH:55
BRDA:6,0,0,7
BRDA:8,1,0,7
BRF:2
BRH:2
end_of_record
TN:
SF:models/cocktailingredient.js
FN:5,Object.<anonymous>.module.exports
FN:12,associate
FNF:2
FNH:2
FNDA:7,Object.<anonymous>.module.exports
FNDA:7,associate
DA:1,1
DA:2,1
DA:3,1
DA:4,1
DA:5,1
DA:6,7
DA:7,7
DA:8,7
DA:9,7
DA:10,7
DA:11,7
DA:12,7
DA:13,7
DA:14,7
DA:15,7
DA:16,7
DA:17,7
DA:18,7
DA:19,7
DA:20,7
DA:21,7
DA:22,7
DA:23,7
DA:24,7
DA:25,7
DA:26,7
DA:27,7
DA:28,7
DA:29,7
DA:30,7
DA:31,7
DA:32,7
LF:32
LH:32
BRDA:5,0,0,7
BRDA:12,1,0,7
BRF:2
BRH:2
end_of_record
TN:
SF:models/comment.js
FN:5,Object.<anonymous>.module.exports
FN:12,associate
FNF:2
FNH:2
FNDA:7,Object.<anonymous>.module.exports
FNDA:7,associate
DA:1,1
DA:2,1
DA:3,1
DA:4,1
DA:5,1
DA:6,7
DA:7,7
DA:8,7
DA:9,7
DA:10,7
DA:11,7
DA:12,7
DA:13,7
DA:14,7
DA:15,7
DA:16,7
DA:17,7
DA:18,7
DA:19,7
DA:20,7
DA:21,7
DA:22,7
DA:23,7
DA:24,7
DA:25,7
DA:26,7
DA:27,7
DA:28,7
DA:29,7
LF:29
LH:29
BRDA:5,0,0,7
BRDA:12,1,0,7
BRF:2
BRH:2
end_of_record
TN:
SF:models/deviceregistration.js
FN:5,Object.<anonymous>.module.exports
FN:8,associate
FNF:2
FNH:2
FNDA:7,Object.<anonymous>.module.exports
FNDA:7,associate
DA:1,1
DA:2,1
DA:3,1
DA:4,1
DA:5,1
DA:6,7
DA:7,7
DA:8,7
DA:9,7
DA:10,7
DA:11,7
DA:12,7
DA:13,7
DA:14,7
DA:15,7
DA:16,7
DA:17,7
DA:18,7
DA:19,7
DA:20,7
DA:21,7
DA:22,7
DA:23,7
DA:24,7
DA:25,7
DA:26,7
DA:27,7
DA:28,7
DA:29,7
DA:30,7
DA:31,7
DA:32,7
DA:33,7
DA:34,7
DA:35,7
DA:36,7
DA:37,7
DA:38,7
DA:39,7
DA:40,7
DA:41,7
DA:42,7
DA:43,7
DA:44,7
DA:45,7
DA:46,7
DA:47,7
DA:48,7
DA:49,7
DA:50,7
LF:50
LH:50
BRDA:5,0,0,7
BRDA:8,1,0,7
BRF:2
BRH:2
end_of_record
TN:
SF:models/index.js
FNF:0
FNH:0
DA:1,1
DA:2,1
DA:3,1
DA:4,1
DA:5,1
DA:6,1
DA:7,1
DA:8,1
DA:9,1
DA:10,1
DA:11,1
DA:12,1
DA:13,1
DA:14,0
DA:15,1
DA:16,1
DA:17,1
DA:18,1
DA:19,1
DA:20,1
DA:21,1
DA:22,70
DA:23,70
DA:24,70
DA:25,70
DA:26,63
DA:27,70
DA:28,70
DA:29,1
DA:30,63
DA:31,63
DA:32,1
DA:33,1
DA:34,1
DA:35,63
DA:36,63
DA:37,63
DA:38,1
DA:39,1
DA:40,1
DA:41,1
DA:42,1
DA:43,1
LF:43
LH:42
BRDA:8,0,0,0
BRDA:13,1,0,0
BRDA:21,2,0,70
BRDA:24,3,0,63
BRDA:25,4,0,63
BRDA:29,5,0,63
BRDA:34,6,0,63
BRF:7
BRH:5
end_of_record
TN:
SF:models/ingredient.js
FN:5,Object.<anonymous>.module.exports
FN:12,associate
FNF:2
FNH:2
FNDA:7,Object.<anonymous>.module.exports
FNDA:7,associate
DA:1,1
DA:2,1
DA:3,1
DA:4,1
DA:5,1
DA:6,7
DA:7,7
DA:8,7
DA:9,7
DA:10,7
DA:11,7
DA:12,7
DA:13,7
DA:14,7
DA:15,7
DA:16,7
DA:17,7
DA:18,7
DA:19,7
DA:20,7
DA:21,7
DA:22,7
DA:23,7
DA:24,7
DA:25,7
DA:26,7
DA:27,7
DA:28,7
LF:28
LH:28
BRDA:5,0,0,7
BRDA:12,1,0,7
BRF:2
BRH:2
end_of_record
TN:
SF:models/like.js
FN:5,Object.<anonymous>.module.exports
FN:12,associate
FNF:2
FNH:2
FNDA:7,Object.<anonymous>.module.exports
FNDA:7,associate
DA:1,1
DA:2,1
DA:3,1
DA:4,1
DA:5,1
DA:6,7
DA:7,7
DA:8,7
DA:9,7
DA:10,7
DA:11,7
DA:12,7
DA:13,7
DA:14,7
DA:15,7
DA:16,7
DA:17,7
DA:18,7
DA:19,7
DA:20,7
DA:21,7
DA:22,7
DA:23,7
DA:24,7
DA:25,7
DA:26,7
DA:27,7
DA:28,7
DA:29,7
DA:30,7
DA:31,7
DA:32,7
LF:32
LH:32
BRDA:5,0,0,7
BRDA:12,1,0,7
BRF:2
BRH:2
end_of_record
TN:
SF:models/livesession.js
FN:5,Object.<anonymous>.module.exports
FN:12,associate
FNF:2
FNH:2
FNDA:7,Object.<anonymous>.module.exports
FNDA:7,associate
DA:1,1
DA:2,1
DA:3,1
DA:4,1
DA:5,1
DA:6,7
DA:7,7
DA:8,7
DA:9,7
DA:10,7
DA:11,7
DA:12,7
DA:13,7
DA:14,7
DA:15,7
DA:16,7
DA:17,7
DA:18,7
DA:19,7
DA:20,7
DA:21,7
DA:22,7
DA:23,7
DA:24,7
DA:25,7
DA:26,7
DA:27,7
DA:28,7
DA:29,7
DA:30,7
DA:31,7
DA:32,7
DA:33,7
DA:34,7
DA:35,7
LF:35
LH:35
BRDA:5,0,0,7
BRDA:12,1,0,7
BRF:2
BRH:2
end_of_record
TN:
SF:models/user.js
FN:5,Object.<anonymous>.module.exports
FN:12,associate
FNF:2
FNH:2
FNDA:7,Object.<anonymous>.module.exports
FNDA:7,associate
DA:1,1
DA:2,1
DA:3,1
DA:4,1
DA:5,1
DA:6,7
DA:7,7
DA:8,7
DA:9,7
DA:10,7
DA:11,7
DA:12,7
DA:13,7
DA:14,7
DA:15,7
DA:16,7
DA:17,7
DA:18,7
DA:19,7
DA:20,7
DA:21,7
DA:22,7
DA:23,7
DA:24,7
DA:25,7
DA:26,7
DA:27,7
DA:28,7
DA:29,7
DA:30,7
DA:31,7
DA:32,7
DA:33,7
DA:34,7
DA:35,7
DA:36,7
DA:37,7
DA:38,7
DA:39,7
DA:40,7
DA:41,7
DA:42,7
DA:43,7
DA:44,7
DA:45,7
DA:46,7
DA:47,7
DA:48,7
DA:49,7
DA:50,7
DA:51,7
DA:52,7
DA:53,7
LF:53
LH:53
BRDA:5,0,0,7
BRDA:12,1,0,7
BRF:2
BRH:2
end_of_record
TN:
SF:routes/auth.js
FNF:0
FNH:0
DA:1,1
DA:2,1
DA:3,1
DA:4,1
DA:5,1
DA:6,1
DA:7,1
DA:8,1
DA:9,1
DA:10,1
DA:11,1
LF:11
LH:11
BRF:0
BRH:0
end_of_record
TN:
SF:routes/cocktail.js
FNF:0
FNH:0
DA:1,1
DA:2,1
DA:3,1
DA:4,1
DA:5,1
DA:6,1
DA:7,1
DA:8,1
DA:9,1
DA:10,1
DA:11,1
DA:12,1
DA:13,1
LF:13
LH:13
BRF:0
BRH:0
end_of_record
TN:
SF:routes/devices.js
FNF:0
FNH:0
DA:1,1
DA:2,1
DA:3,1
DA:4,1
DA:5,1
DA:6,1
DA:7,1
DA:8,1
DA:9,1
DA:10,1
DA:11,1
LF:11
LH:11
BRF:0
BRH:0
end_of_record
TN:
SF:routes/index.js
FNF:0
FNH:0
DA:1,1
DA:2,1
DA:3,1
DA:4,1
DA:5,1
DA:6,1
DA:7,1
DA:8,1
DA:9,1
DA:10,1
DA:11,1
DA:12,1
DA:13,1
DA:14,1
DA:15,1
LF:15
LH:15
BRF:0
BRH:0
end_of_record
TN:
SF:routes/like.js
FNF:0
FNH:0
DA:1,1
DA:2,1
DA:3,1
DA:4,1
DA:5,1
DA:6,1
DA:7,1
DA:8,1
DA:9,1
DA:10,1
LF:10
LH:10
BRF:0
BRH:0
end_of_record
TN:
SF:routes/livesession.js
FNF:0
FNH:0
DA:1,1
DA:2,1
DA:3,1
DA:4,1
DA:5,1
DA:6,1
DA:7,1
DA:8,1
DA:9,1
DA:10,1
DA:11,1
DA:12,1
DA:13,1
LF:13
LH:13
BRF:0
BRH:0
end_of_record
TN:
SF:routes/serverHealth.js
FNF:0
FNH:0
DA:1,1
DA:2,1
DA:3,1
DA:4,1
DA:5,1
DA:6,1
DA:7,1
DA:8,1
DA:9,1
DA:10,1
LF:10
LH:10
BRF:0
BRH:0
end_of_record
TN:
SF:routes/upload.js
FN:7,destination
FN:10,filename
FNF:2
FNH:0
FNDA:0,destination
FNDA:0,filename
DA:1,1
DA:2,1
DA:3,1
DA:4,1
DA:5,1
DA:6,1
DA:7,1
DA:8,0
DA:9,1
DA:10,1
DA:11,0
DA:12,0
DA:13,0
DA:14,0
DA:15,1
DA:16,1
DA:17,1
DA:18,1
DA:19,1
DA:20,0
DA:21,0
DA:22,0
DA:23,0
DA:24,0
DA:25,0
DA:26,1
DA:27,1
DA:28,1
LF:28
LH:17
BRF:0
BRH:0
end_of_record
TN:
SF:routes/user.js
FNF:0
FNH:0
DA:1,1
DA:2,1
DA:3,1
DA:4,1
DA:5,1
DA:6,1
DA:7,1
DA:8,1
DA:9,1
DA:10,1
DA:11,1
DA:12,1
DA:13,1
LF:13
LH:13
BRF:0
BRH:0
end_of_record
TN:
SF:services/jwtoken.service.js
FN:6,GenerarToken
FN:24,TiempoRestanteToken
FNF:2
FNH:0
FNDA:0,GenerarToken
FNDA:0,TiempoRestanteToken
DA:1,1
DA:2,1
DA:3,1
DA:4,1
DA:5,1
DA:6,1
DA:7,0
DA:8,0
DA:9,0
DA:10,0
DA:11,0
DA:12,0
DA:13,0
DA:14,0
DA:15,0
DA:16,0
DA:17,0
DA:18,0
DA:19,0
DA:20,0
DA:21,0
DA:22,1
DA:23,1
DA:24,1
DA:25,0
DA:26,0
DA:27,0
DA:28,0
DA:29,0
DA:30,0
DA:31,0
DA:32,0
DA:33,0
DA:34,0
DA:35,0
DA:36,0
DA:37,0
DA:38,0
DA:39,0
DA:40,0
DA:41,0
DA:42,0
DA:43,0
DA:44,0
DA:45,1
DA:46,1
DA:47,1
DA:48,1
DA:49,1
LF:49
LH:14
BRF:0
BRH:0
end_of_record
TN:
SF:socket/index.js
FN:6,attachSocket
FNF:1
FNH:1
FNDA:7,attachSocket
DA:1,1
DA:2,1
DA:3,1
DA:4,1
DA:5,1
DA:6,1
DA:7,7
DA:8,7
DA:9,7
DA:10,7
DA:11,7
DA:12,0
DA:13,0
DA:14,0
DA:15,0
DA:16,0
DA:17,0
DA:18,0
DA:19,0
DA:20,0
DA:21,0
DA:22,0
DA:23,0
DA:24,0
DA:25,0
DA:26,0
DA:27,0
DA:28,0
DA:29,0
DA:30,0
DA:31,0
DA:32,0
DA:33,0
DA:34,0
DA:35,0
DA:36,0
DA:37,0
DA:38,0
DA:39,0
DA:40,0
DA:41,0
DA:42,0
DA:43,0
DA:44,0
DA:45,0
DA:46,0
DA:47,0
DA:48,0
DA:49,0
DA:50,0
DA:51,0
DA:52,0
DA:53,0
DA:54,0
DA:55,0
DA:56,0
DA:57,0
DA:58,0
DA:59,0
DA:60,0
DA:61,0
DA:62,0
DA:63,0
DA:64,0
DA:65,0
DA:66,7
DA:67,7
DA:68,7
DA:69,7
LF:69
LH:15
BRDA:6,0,0,7
BRF:1
BRH:1
end_of_record
